{"C:\\Users\\ajelacn\\OneDrive - Adient\\Documents\\Projects\\kundli_calculation_webservice\\frontend\\src\\components\\form\\components\\Form.tsx": {"path":"C:\\Users\\ajelacn\\OneDrive - Adient\\Documents\\Projects\\kundli_calculation_webservice\\frontend\\src\\components\\form\\components\\Form.tsx","statementMap":{"0":{"start":{"line":2,"column":0},"end":{"line":2,"column":50}},"1":{"start":{"line":9,"column":20},"end":{"line":29,"column":1}},"2":{"start":{"line":12,"column":23},"end":{"line":12,"column":null}},"3":{"start":{"line":13,"column":10},"end":{"line":14,"column":15}},"4":{"start":{"line":15,"column":35},"end":{"line":15,"column":47}},"5":{"start":{"line":17,"column":24},"end":{"line":22,"column":4}},"6":{"start":{"line":17,"column":53},"end":{"line":22,"column":4}},"7":{"start":{"line":18,"column":4},"end":{"line":18,"column":23}},"8":{"start":{"line":19,"column":4},"end":{"line":21,"column":5}},"9":{"start":{"line":20,"column":6},"end":{"line":20,"column":29}},"10":{"start":{"line":24,"column":2},"end":{"line":28,"column":4}},"11":{"start":{"line":9,"column":13},"end":{"line":9,"column":20}}},"fnMap":{"0":{"name":"(anonymous_8)","decl":{"start":{"line":9,"column":20},"end":{"line":9,"column":52}},"loc":{"start":{"line":14,"column":32},"end":{"line":29,"column":1}}},"1":{"name":"(anonymous_9)","decl":{"start":{"line":17,"column":24},"end":{"line":17,"column":31}},"loc":{"start":{"line":17,"column":53},"end":{"line":22,"column":4}}},"2":{"name":"(anonymous_10)","decl":{"start":{"line":17,"column":53},"end":{"line":17,"column":null}},"loc":{"start":{"line":17,"column":53},"end":{"line":22,"column":3}}}},"branchMap":{"0":{"loc":{"start":{"line":19,"column":4},"end":{"line":21,"column":5}},"type":"if","locations":[{"start":{"line":19,"column":4},"end":{"line":21,"column":5}}]}},"s":{"0":1,"1":1,"2":134,"3":134,"4":134,"5":134,"6":3,"7":3,"8":3,"9":0,"10":134,"11":1},"f":{"0":134,"1":3,"2":3},"b":{"0":[0]}}
,"C:\\Users\\ajelacn\\OneDrive - Adient\\Documents\\Projects\\kundli_calculation_webservice\\frontend\\src\\components\\form\\components\\FormField.tsx": {"path":"C:\\Users\\ajelacn\\OneDrive - Adient\\Documents\\Projects\\kundli_calculation_webservice\\frontend\\src\\components\\form\\components\\FormField.tsx","statementMap":{"0":{"start":{"line":1,"column":0},"end":{"line":1,"column":54}},"1":{"start":{"line":2,"column":0},"end":{"line":2,"column":50}},"2":{"start":{"line":4,"column":0},"end":{"line":4,"column":34}},"3":{"start":{"line":13,"column":25},"end":{"line":92,"column":1}},"4":{"start":{"line":18,"column":23},"end":{"line":18,"column":null}},"5":{"start":{"line":19,"column":10},"end":{"line":20,"column":20}},"6":{"start":{"line":28,"column":6},"end":{"line":28,"column":18}},"7":{"start":{"line":30,"column":21},"end":{"line":36,"column":3}},"8":{"start":{"line":31,"column":4},"end":{"line":34,"column":5}},"9":{"start":{"line":32,"column":18},"end":{"line":32,"column":31}},"10":{"start":{"line":33,"column":6},"end":{"line":33,"column":35}},"11":{"start":{"line":35,"column":4},"end":{"line":35,"column":17}},"12":{"start":{"line":38,"column":22},"end":{"line":41,"column":3}},"13":{"start":{"line":39,"column":4},"end":{"line":39,"column":57}},"14":{"start":{"line":39,"column":47},"end":{"line":39,"column":57}},"15":{"start":{"line":40,"column":4},"end":{"line":40,"column":25}},"16":{"start":{"line":43,"column":28},"end":{"line":49,"column":null}},"17":{"start":{"line":44,"column":41},"end":{"line":48,"column":7}},"18":{"start":{"line":45,"column":6},"end":{"line":47,"column":7}},"19":{"start":{"line":46,"column":8},"end":{"line":46,"column":53}},"20":{"start":{"line":52,"column":23},"end":{"line":56,"column":3}},"21":{"start":{"line":53,"column":24},"end":{"line":53,"column":50}},"22":{"start":{"line":54,"column":4},"end":{"line":54,"column":51}},"23":{"start":{"line":55,"column":4},"end":{"line":55,"column":49}},"24":{"start":{"line":58,"column":21},"end":{"line":63,"column":3}},"25":{"start":{"line":59,"column":4},"end":{"line":59,"column":32}},"26":{"start":{"line":60,"column":4},"end":{"line":62,"column":5}},"27":{"start":{"line":61,"column":6},"end":{"line":61,"column":52}},"28":{"start":{"line":65,"column":2},"end":{"line":69,"column":48}},"29":{"start":{"line":66,"column":4},"end":{"line":68,"column":5}},"30":{"start":{"line":67,"column":6},"end":{"line":67,"column":52}},"31":{"start":{"line":71,"column":16},"end":{"line":71,"column":56}},"32":{"start":{"line":72,"column":18},"end":{"line":72,"column":61}},"33":{"start":{"line":74,"column":2},"end":{"line":91,"column":4}},"34":{"start":{"line":13,"column":13},"end":{"line":13,"column":25}}},"fnMap":{"0":{"name":"(anonymous_8)","decl":{"start":{"line":13,"column":25},"end":{"line":13,"column":57}},"loc":{"start":{"line":20,"column":37},"end":{"line":92,"column":1}}},"1":{"name":"(anonymous_9)","decl":{"start":{"line":30,"column":21},"end":{"line":30,"column":22}},"loc":{"start":{"line":30,"column":44},"end":{"line":36,"column":3}}},"2":{"name":"(anonymous_10)","decl":{"start":{"line":38,"column":22},"end":{"line":38,"column":23}},"loc":{"start":{"line":38,"column":45},"end":{"line":41,"column":3}}},"3":{"name":"(anonymous_11)","decl":{"start":{"line":44,"column":13},"end":{"line":44,"column":20}},"loc":{"start":{"line":44,"column":41},"end":{"line":48,"column":7}}},"4":{"name":"(anonymous_12)","decl":{"start":{"line":44,"column":41},"end":{"line":44,"column":null}},"loc":{"start":{"line":44,"column":41},"end":{"line":48,"column":5}}},"5":{"name":"(anonymous_13)","decl":{"start":{"line":52,"column":23},"end":{"line":52,"column":24}},"loc":{"start":{"line":52,"column":66},"end":{"line":56,"column":3}}},"6":{"name":"(anonymous_14)","decl":{"start":{"line":58,"column":21},"end":{"line":58,"column":24}},"loc":{"start":{"line":58,"column":26},"end":{"line":63,"column":3}}},"7":{"name":"(anonymous_15)","decl":{"start":{"line":65,"column":12},"end":{"line":65,"column":15}},"loc":{"start":{"line":65,"column":17},"end":{"line":69,"column":3}}}},"branchMap":{"0":{"loc":{"start":{"line":17,"column":2},"end":{"line":17,"column":15}},"type":"default-arg","locations":[{"start":{"line":17,"column":9},"end":{"line":17,"column":15}}]},"1":{"loc":{"start":{"line":31,"column":4},"end":{"line":34,"column":5}},"type":"if","locations":[{"start":{"line":31,"column":4},"end":{"line":34,"column":5}}]},"2":{"loc":{"start":{"line":33,"column":13},"end":{"line":33,"column":34}},"type":"cond-expr","locations":[{"start":{"line":33,"column":26},"end":{"line":33,"column":28}},{"start":{"line":33,"column":31},"end":{"line":33,"column":34}}]},"3":{"loc":{"start":{"line":39,"column":4},"end":{"line":39,"column":57}},"type":"if","locations":[{"start":{"line":39,"column":4},"end":{"line":39,"column":57}}]},"4":{"loc":{"start":{"line":39,"column":8},"end":{"line":39,"column":45}},"type":"binary-expr","locations":[{"start":{"line":39,"column":8},"end":{"line":39,"column":22}},{"start":{"line":39,"column":26},"end":{"line":39,"column":45}}]},"5":{"loc":{"start":{"line":45,"column":6},"end":{"line":47,"column":7}},"type":"if","locations":[{"start":{"line":45,"column":6},"end":{"line":47,"column":7}}]},"6":{"loc":{"start":{"line":60,"column":4},"end":{"line":62,"column":5}},"type":"if","locations":[{"start":{"line":60,"column":4},"end":{"line":62,"column":5}}]},"7":{"loc":{"start":{"line":66,"column":4},"end":{"line":68,"column":5}},"type":"if","locations":[{"start":{"line":66,"column":4},"end":{"line":68,"column":5}}]},"8":{"loc":{"start":{"line":66,"column":8},"end":{"line":66,"column":58}},"type":"binary-expr","locations":[{"start":{"line":66,"column":8},"end":{"line":66,"column":28}},{"start":{"line":66,"column":32},"end":{"line":66,"column":58}}]},"9":{"loc":{"start":{"line":66,"column":8},"end":{"line":66,"column":28}},"type":"cond-expr","locations":[{"start":{"line":66,"column":18},"end":{"line":66,"column":20}},{"start":{"line":66,"column":8},"end":{"line":66,"column":28}}]},"10":{"loc":{"start":{"line":66,"column":8},"end":{"line":66,"column":20}},"type":"binary-expr","locations":[{"start":{"line":66,"column":8},"end":{"line":66,"column":20}},{"start":{"line":66,"column":8},"end":{"line":66,"column":20}}]},"11":{"loc":{"start":{"line":71,"column":16},"end":{"line":71,"column":56}},"type":"cond-expr","locations":[{"start":{"line":71,"column":32},"end":{"line":71,"column":44}},{"start":{"line":71,"column":47},"end":{"line":71,"column":56}}]},"12":{"loc":{"start":{"line":72,"column":18},"end":{"line":72,"column":61}},"type":"cond-expr","locations":[{"start":{"line":72,"column":26},"end":{"line":72,"column":49}},{"start":{"line":72,"column":52},"end":{"line":72,"column":61}}]},"13":{"loc":{"start":{"line":76,"column":7},"end":{"line":76,"column":61}},"type":"binary-expr","locations":[{"start":{"line":76,"column":7},"end":{"line":76,"column":12}},{"start":{"line":76,"column":16},"end":{"line":76,"column":61}}]},"14":{"loc":{"start":{"line":89,"column":7},"end":{"line":89,"column":60}},"type":"binary-expr","locations":[{"start":{"line":89,"column":7},"end":{"line":89,"column":12}},{"start":{"line":89,"column":16},"end":{"line":89,"column":60}}]}},"s":{"0":1,"1":1,"2":1,"3":1,"4":536,"5":536,"6":536,"7":536,"8":113,"9":6,"10":6,"11":107,"12":536,"13":536,"14":0,"15":536,"16":536,"17":13,"18":13,"19":13,"20":536,"21":113,"22":113,"23":113,"24":536,"25":14,"26":14,"27":14,"28":536,"29":480,"30":0,"31":536,"32":536,"33":536,"34":1},"f":{"0":536,"1":113,"2":536,"3":13,"4":13,"5":113,"6":14,"7":480},"b":{"0":[0],"1":[6],"2":[0,6],"3":[0],"4":[536,536],"5":[13],"6":[14],"7":[0],"8":[480,480],"9":[0,480],"10":[480,480],"11":[211,325],"12":[4,532],"13":[536,536],"14":[536,4]}}
,"C:\\Users\\ajelacn\\OneDrive - Adient\\Documents\\Projects\\kundli_calculation_webservice\\frontend\\src\\components\\form\\components\\FormSubmitButton.tsx": {"path":"C:\\Users\\ajelacn\\OneDrive - Adient\\Documents\\Projects\\kundli_calculation_webservice\\frontend\\src\\components\\form\\components\\FormSubmitButton.tsx","statementMap":{"0":{"start":{"line":2,"column":0},"end":{"line":2,"column":50}},"1":{"start":{"line":9,"column":65},"end":{"line":26,"column":1}},"2":{"start":{"line":11,"column":31},"end":{"line":11,"column":null}},"3":{"start":{"line":12,"column":10},"end":{"line":13,"column":3}},"4":{"start":{"line":14,"column":36},"end":{"line":14,"column":45}},"5":{"start":{"line":16,"column":2},"end":{"line":25,"column":4}},"6":{"start":{"line":9,"column":13},"end":{"line":9,"column":65}}},"fnMap":{"0":{"name":"(anonymous_1)","decl":{"start":{"line":9,"column":65},"end":{"line":9,"column":66}},"loc":{"start":{"line":13,"column":5},"end":{"line":26,"column":1}}}},"branchMap":{"0":{"loc":{"start":{"line":11,"column":2},"end":{"line":11,"column":31}},"type":"default-arg","locations":[{"start":{"line":11,"column":16},"end":{"line":11,"column":31}}]},"1":{"loc":{"start":{"line":19,"column":16},"end":{"line":19,"column":40}},"type":"binary-expr","locations":[{"start":{"line":19,"column":16},"end":{"line":19,"column":28}},{"start":{"line":19,"column":32},"end":{"line":19,"column":40}}]},"2":{"loc":{"start":{"line":23,"column":7},"end":{"line":23,"column":44}},"type":"cond-expr","locations":[{"start":{"line":23,"column":22},"end":{"line":23,"column":33}},{"start":{"line":23,"column":36},"end":{"line":23,"column":44}}]}},"s":{"0":1,"1":1,"2":134,"3":134,"4":134,"5":134,"6":1},"f":{"0":134},"b":{"0":[134],"1":[134,134],"2":[0,134]}}
,"C:\\Users\\ajelacn\\OneDrive - Adient\\Documents\\Projects\\kundli_calculation_webservice\\frontend\\src\\components\\form\\context\\FormProvider.tsx": {"path":"C:\\Users\\ajelacn\\OneDrive - Adient\\Documents\\Projects\\kundli_calculation_webservice\\frontend\\src\\components\\form\\context\\FormProvider.tsx","statementMap":{"0":{"start":{"line":1,"column":0},"end":{"line":1,"column":80}},"1":{"start":{"line":4,"column":20},"end":{"line":4,"column":74}},"2":{"start":{"line":6,"column":23},"end":{"line":12,"column":1}},"3":{"start":{"line":7,"column":18},"end":{"line":7,"column":41}},"4":{"start":{"line":8,"column":2},"end":{"line":10,"column":3}},"5":{"start":{"line":9,"column":4},"end":{"line":9,"column":66}},"6":{"start":{"line":11,"column":2},"end":{"line":11,"column":40}},"7":{"start":{"line":6,"column":13},"end":{"line":6,"column":23}},"8":{"start":{"line":20,"column":28},"end":{"line":145,"column":1}},"9":{"start":{"line":25,"column":30},"end":{"line":27,"column":4}},"10":{"start":{"line":26,"column":4},"end":{"line":26,"column":53}},"11":{"start":{"line":28,"column":30},"end":{"line":28,"column":118}},"12":{"start":{"line":29,"column":32},"end":{"line":29,"column":98}},"13":{"start":{"line":30,"column":42},"end":{"line":30,"column":57}},"14":{"start":{"line":31,"column":48},"end":{"line":31,"column":130}},"15":{"start":{"line":33,"column":24},"end":{"line":35,"column":8}},"16":{"start":{"line":34,"column":4},"end":{"line":34,"column":53}},"17":{"start":{"line":34,"column":22},"end":{"line":34,"column":51}},"18":{"start":{"line":37,"column":24},"end":{"line":39,"column":8}},"19":{"start":{"line":38,"column":4},"end":{"line":38,"column":53}},"20":{"start":{"line":38,"column":22},"end":{"line":38,"column":51}},"21":{"start":{"line":41,"column":26},"end":{"line":43,"column":8}},"22":{"start":{"line":42,"column":4},"end":{"line":42,"column":58}},"23":{"start":{"line":42,"column":23},"end":{"line":42,"column":56}},"24":{"start":{"line":45,"column":24},"end":{"line":83,"column":8}},"25":{"start":{"line":45,"column":112},"end":{"line":83,"column":5}},"26":{"start":{"line":46,"column":4},"end":{"line":46,"column":33}},"27":{"start":{"line":46,"column":16},"end":{"line":46,"column":33}},"28":{"start":{"line":49,"column":4},"end":{"line":49,"column":62}},"29":{"start":{"line":49,"column":31},"end":{"line":49,"column":60}},"30":{"start":{"line":51,"column":4},"end":{"line":55,"column":5}},"31":{"start":{"line":52,"column":20},"end":{"line":52,"column":44}},"32":{"start":{"line":53,"column":6},"end":{"line":53,"column":34}},"33":{"start":{"line":54,"column":6},"end":{"line":54,"column":19}},"34":{"start":{"line":57,"column":4},"end":{"line":61,"column":5}},"35":{"start":{"line":58,"column":20},"end":{"line":58,"column":69}},"36":{"start":{"line":59,"column":6},"end":{"line":59,"column":34}},"37":{"start":{"line":60,"column":6},"end":{"line":60,"column":19}},"38":{"start":{"line":63,"column":4},"end":{"line":67,"column":5}},"39":{"start":{"line":64,"column":20},"end":{"line":64,"column":36}},"40":{"start":{"line":65,"column":6},"end":{"line":65,"column":34}},"41":{"start":{"line":66,"column":6},"end":{"line":66,"column":19}},"42":{"start":{"line":69,"column":4},"end":{"line":73,"column":5}},"43":{"start":{"line":70,"column":20},"end":{"line":70,"column":51}},"44":{"start":{"line":71,"column":6},"end":{"line":71,"column":34}},"45":{"start":{"line":72,"column":6},"end":{"line":72,"column":19}},"46":{"start":{"line":75,"column":4},"end":{"line":79,"column":5}},"47":{"start":{"line":76,"column":20},"end":{"line":76,"column":51}},"48":{"start":{"line":77,"column":6},"end":{"line":77,"column":34}},"49":{"start":{"line":78,"column":6},"end":{"line":78,"column":19}},"50":{"start":{"line":81,"column":4},"end":{"line":81,"column":36}},"51":{"start":{"line":82,"column":4},"end":{"line":82,"column":21}},"52":{"start":{"line":85,"column":23},"end":{"line":101,"column":46}},"53":{"start":{"line":85,"column":46},"end":{"line":101,"column":5}},"54":{"start":{"line":86,"column":59},"end":{"line":86,"column":100}},"55":{"start":{"line":87,"column":31},"end":{"line":96,"column":6}},"56":{"start":{"line":87,"column":69},"end":{"line":96,"column":6}},"57":{"start":{"line":88,"column":18},"end":{"line":88,"column":34}},"58":{"start":{"line":89,"column":20},"end":{"line":89,"column":40}},"59":{"start":{"line":90,"column":6},"end":{"line":95,"column":7}},"60":{"start":{"line":91,"column":22},"end":{"line":91,"column":66}},"61":{"start":{"line":92,"column":8},"end":{"line":94,"column":9}},"62":{"start":{"line":93,"column":10},"end":{"line":93,"column":33}},"63":{"start":{"line":98,"column":4},"end":{"line":98,"column":42}},"64":{"start":{"line":99,"column":4},"end":{"line":99,"column":25}},"65":{"start":{"line":100,"column":4},"end":{"line":100,"column":21}},"66":{"start":{"line":103,"column":23},"end":{"line":117,"column":38}},"67":{"start":{"line":103,"column":64},"end":{"line":117,"column":5}},"68":{"start":{"line":104,"column":4},"end":{"line":104,"column":23}},"69":{"start":{"line":105,"column":4},"end":{"line":105,"column":26}},"70":{"start":{"line":107,"column":4},"end":{"line":116,"column":5}},"71":{"start":{"line":108,"column":25},"end":{"line":108,"column":45}},"72":{"start":{"line":109,"column":24},"end":{"line":109,"column":84}},"73":{"start":{"line":109,"column":64},"end":{"line":109,"column":83}},"74":{"start":{"line":111,"column":6},"end":{"line":113,"column":7}},"75":{"start":{"line":112,"column":8},"end":{"line":112,"column":31}},"76":{"start":{"line":115,"column":6},"end":{"line":115,"column":29}},"77":{"start":{"line":119,"column":20},"end":{"line":125,"column":21}},"78":{"start":{"line":120,"column":4},"end":{"line":120,"column":57}},"79":{"start":{"line":121,"column":4},"end":{"line":121,"column":57}},"80":{"start":{"line":122,"column":4},"end":{"line":122,"column":47}},"81":{"start":{"line":123,"column":4},"end":{"line":123,"column":63}},"82":{"start":{"line":124,"column":4},"end":{"line":124,"column":27}},"83":{"start":{"line":127,"column":18},"end":{"line":127,"column":62}},"84":{"start":{"line":127,"column":55},"end":{"line":127,"column":61}},"85":{"start":{"line":129,"column":37},"end":{"line":142,"column":4}},"86":{"start":{"line":144,"column":2},"end":{"line":144,"column":79}},"87":{"start":{"line":20,"column":13},"end":{"line":20,"column":28}}},"fnMap":{"0":{"name":"(anonymous_7)","decl":{"start":{"line":6,"column":23},"end":{"line":6,"column":78}},"loc":{"start":{"line":6,"column":80},"end":{"line":12,"column":1}}},"1":{"name":"(anonymous_8)","decl":{"start":{"line":20,"column":28},"end":{"line":20,"column":60}},"loc":{"start":{"line":24,"column":40},"end":{"line":145,"column":1}}},"2":{"name":"(anonymous_9)","decl":{"start":{"line":25,"column":42},"end":{"line":25,"column":45}},"loc":{"start":{"line":25,"column":47},"end":{"line":27,"column":3}}},"3":{"name":"(anonymous_10)","decl":{"start":{"line":33,"column":36},"end":{"line":33,"column":56}},"loc":{"start":{"line":33,"column":81},"end":{"line":35,"column":3}}},"4":{"name":"(anonymous_11)","decl":{"start":{"line":34,"column":14},"end":{"line":34,"column":18}},"loc":{"start":{"line":34,"column":22},"end":{"line":34,"column":51}}},"5":{"name":"(anonymous_12)","decl":{"start":{"line":37,"column":36},"end":{"line":37,"column":56}},"loc":{"start":{"line":37,"column":95},"end":{"line":39,"column":3}}},"6":{"name":"(anonymous_13)","decl":{"start":{"line":38,"column":14},"end":{"line":38,"column":18}},"loc":{"start":{"line":38,"column":22},"end":{"line":38,"column":51}}},"7":{"name":"(anonymous_14)","decl":{"start":{"line":41,"column":38},"end":{"line":41,"column":58}},"loc":{"start":{"line":41,"column":90},"end":{"line":43,"column":3}}},"8":{"name":"(anonymous_15)","decl":{"start":{"line":42,"column":15},"end":{"line":42,"column":19}},"loc":{"start":{"line":42,"column":23},"end":{"line":42,"column":56}}},"9":{"name":"(anonymous_16)","decl":{"start":{"line":45,"column":36},"end":{"line":45,"column":62}},"loc":{"start":{"line":45,"column":112},"end":{"line":83,"column":5}}},"10":{"name":"(anonymous_17)","decl":{"start":{"line":45,"column":112},"end":{"line":45,"column":null}},"loc":{"start":{"line":45,"column":112},"end":{"line":83,"column":3}}},"11":{"name":"(anonymous_18)","decl":{"start":{"line":49,"column":23},"end":{"line":49,"column":27}},"loc":{"start":{"line":49,"column":31},"end":{"line":49,"column":60}}},"12":{"name":"(anonymous_19)","decl":{"start":{"line":85,"column":35},"end":{"line":85,"column":44}},"loc":{"start":{"line":85,"column":46},"end":{"line":101,"column":5}}},"13":{"name":"(anonymous_20)","decl":{"start":{"line":85,"column":46},"end":{"line":85,"column":null}},"loc":{"start":{"line":85,"column":46},"end":{"line":101,"column":3}}},"14":{"name":"(anonymous_21)","decl":{"start":{"line":87,"column":55},"end":{"line":87,"column":61}},"loc":{"start":{"line":87,"column":69},"end":{"line":96,"column":6}}},"15":{"name":"(anonymous_22)","decl":{"start":{"line":87,"column":69},"end":{"line":87,"column":null}},"loc":{"start":{"line":87,"column":69},"end":{"line":96,"column":5}}},"16":{"name":"(anonymous_23)","decl":{"start":{"line":103,"column":35},"end":{"line":103,"column":42}},"loc":{"start":{"line":103,"column":64},"end":{"line":117,"column":5}}},"17":{"name":"(anonymous_24)","decl":{"start":{"line":103,"column":64},"end":{"line":103,"column":null}},"loc":{"start":{"line":103,"column":64},"end":{"line":117,"column":3}}},"18":{"name":"(anonymous_25)","decl":{"start":{"line":109,"column":55},"end":{"line":109,"column":60}},"loc":{"start":{"line":109,"column":64},"end":{"line":109,"column":83}}},"19":{"name":"(anonymous_26)","decl":{"start":{"line":119,"column":32},"end":{"line":119,"column":35}},"loc":{"start":{"line":119,"column":37},"end":{"line":125,"column":3}}},"20":{"name":"(anonymous_27)","decl":{"start":{"line":127,"column":46},"end":{"line":127,"column":51}},"loc":{"start":{"line":127,"column":55},"end":{"line":127,"column":61}}}},"branchMap":{"0":{"loc":{"start":{"line":8,"column":2},"end":{"line":10,"column":3}},"type":"if","locations":[{"start":{"line":8,"column":2},"end":{"line":10,"column":3}}]},"1":{"loc":{"start":{"line":22,"column":2},"end":{"line":22,"column":25}},"type":"default-arg","locations":[{"start":{"line":22,"column":18},"end":{"line":22,"column":25}}]},"2":{"loc":{"start":{"line":46,"column":4},"end":{"line":46,"column":33}},"type":"if","locations":[{"start":{"line":46,"column":4},"end":{"line":46,"column":33}}]},"3":{"loc":{"start":{"line":51,"column":4},"end":{"line":55,"column":5}},"type":"if","locations":[{"start":{"line":51,"column":4},"end":{"line":55,"column":5}}]},"4":{"loc":{"start":{"line":51,"column":8},"end":{"line":51,"column":81}},"type":"binary-expr","locations":[{"start":{"line":51,"column":8},"end":{"line":51,"column":22}},{"start":{"line":51,"column":27},"end":{"line":51,"column":46}},{"start":{"line":51,"column":50},"end":{"line":51,"column":64}},{"start":{"line":51,"column":68},"end":{"line":51,"column":80}}]},"5":{"loc":{"start":{"line":57,"column":4},"end":{"line":61,"column":5}},"type":"if","locations":[{"start":{"line":57,"column":4},"end":{"line":61,"column":5}}]},"6":{"loc":{"start":{"line":57,"column":8},"end":{"line":57,"column":86}},"type":"binary-expr","locations":[{"start":{"line":57,"column":8},"end":{"line":57,"column":23}},{"start":{"line":57,"column":27},"end":{"line":57,"column":52}},{"start":{"line":57,"column":56},"end":{"line":57,"column":86}}]},"7":{"loc":{"start":{"line":63,"column":4},"end":{"line":67,"column":5}},"type":"if","locations":[{"start":{"line":63,"column":4},"end":{"line":67,"column":5}}]},"8":{"loc":{"start":{"line":63,"column":8},"end":{"line":63,"column":80}},"type":"binary-expr","locations":[{"start":{"line":63,"column":8},"end":{"line":63,"column":21}},{"start":{"line":63,"column":25},"end":{"line":63,"column":50}},{"start":{"line":63,"column":54},"end":{"line":63,"column":80}}]},"9":{"loc":{"start":{"line":69,"column":4},"end":{"line":73,"column":5}},"type":"if","locations":[{"start":{"line":69,"column":4},"end":{"line":73,"column":5}}]},"10":{"loc":{"start":{"line":69,"column":8},"end":{"line":69,"column":67}},"type":"binary-expr","locations":[{"start":{"line":69,"column":8},"end":{"line":69,"column":17}},{"start":{"line":69,"column":21},"end":{"line":69,"column":46}},{"start":{"line":69,"column":50},"end":{"line":69,"column":67}}]},"11":{"loc":{"start":{"line":75,"column":4},"end":{"line":79,"column":5}},"type":"if","locations":[{"start":{"line":75,"column":4},"end":{"line":79,"column":5}}]},"12":{"loc":{"start":{"line":75,"column":8},"end":{"line":75,"column":67}},"type":"binary-expr","locations":[{"start":{"line":75,"column":8},"end":{"line":75,"column":17}},{"start":{"line":75,"column":21},"end":{"line":75,"column":46}},{"start":{"line":75,"column":50},"end":{"line":75,"column":67}}]},"13":{"loc":{"start":{"line":90,"column":6},"end":{"line":95,"column":7}},"type":"if","locations":[{"start":{"line":90,"column":6},"end":{"line":95,"column":7}}]},"14":{"loc":{"start":{"line":92,"column":8},"end":{"line":94,"column":9}},"type":"if","locations":[{"start":{"line":92,"column":8},"end":{"line":94,"column":9}}]},"15":{"loc":{"start":{"line":111,"column":6},"end":{"line":113,"column":7}},"type":"if","locations":[{"start":{"line":111,"column":6},"end":{"line":113,"column":7}}]},"16":{"loc":{"start":{"line":111,"column":10},"end":{"line":111,"column":32}},"type":"binary-expr","locations":[{"start":{"line":111,"column":10},"end":{"line":111,"column":20}},{"start":{"line":111,"column":24},"end":{"line":111,"column":32}}]}},"s":{"0":1,"1":1,"2":1,"3":804,"4":804,"5":0,"6":804,"7":1,"8":1,"9":134,"10":7,"11":134,"12":134,"13":134,"14":134,"15":134,"16":113,"17":113,"18":134,"19":27,"20":27,"21":134,"22":14,"23":14,"24":134,"25":27,"26":27,"27":0,"28":27,"29":27,"30":27,"31":4,"32":4,"33":4,"34":23,"35":0,"36":0,"37":0,"38":23,"39":0,"40":0,"41":0,"42":23,"43":0,"44":0,"45":0,"46":23,"47":0,"48":0,"49":0,"50":23,"51":23,"52":134,"53":0,"54":0,"55":0,"56":0,"57":0,"58":0,"59":0,"60":0,"61":0,"62":0,"63":0,"64":0,"65":0,"66":134,"67":0,"68":0,"69":0,"70":0,"71":0,"72":0,"73":0,"74":0,"75":0,"76":0,"77":134,"78":0,"79":0,"80":0,"81":0,"82":0,"83":134,"84":211,"85":134,"86":134,"87":1},"f":{"0":804,"1":134,"2":7,"3":113,"4":113,"5":27,"6":27,"7":14,"8":14,"9":27,"10":27,"11":27,"12":0,"13":0,"14":0,"15":0,"16":0,"17":0,"18":0,"19":0,"20":211},"b":{"0":[0],"1":[0],"2":[0],"3":[4],"4":[27,27,27,27],"5":[0],"6":[23,13,13],"7":[0],"8":[23,6,6],"9":[0],"10":[23,4,4],"11":[0],"12":[23,4,4],"13":[0],"14":[0],"15":[0],"16":[0,0]}}
,"C:\\Users\\ajelacn\\OneDrive - Adient\\Documents\\Projects\\kundli_calculation_webservice\\frontend\\src\\components\\form\\history\\FormHistory.ts": {"path":"C:\\Users\\ajelacn\\OneDrive - Adient\\Documents\\Projects\\kundli_calculation_webservice\\frontend\\src\\components\\form\\history\\FormHistory.ts","statementMap":{"0":{"start":{"line":29,"column":0},"end":{"line":29,"column":null}},"1":{"start":{"line":30,"column":2},"end":{"line":30,"column":null}},"2":{"start":{"line":31,"column":2},"end":{"line":31,"column":null}},"3":{"start":{"line":32,"column":2},"end":{"line":32,"column":null}},"4":{"start":{"line":33,"column":2},"end":{"line":33,"column":null}},"5":{"start":{"line":34,"column":2},"end":{"line":34,"column":null}},"6":{"start":{"line":35,"column":2},"end":{"line":35,"column":null}},"7":{"start":{"line":47,"column":10},"end":{"line":47,"column":39}},"8":{"start":{"line":48,"column":10},"end":{"line":48,"column":36}},"9":{"start":{"line":53,"column":4},"end":{"line":63,"column":6}},"10":{"start":{"line":65,"column":4},"end":{"line":65,"column":34}},"11":{"start":{"line":66,"column":4},"end":{"line":66,"column":27}},"12":{"start":{"line":70,"column":4},"end":{"line":70,"column":74}},"13":{"start":{"line":74,"column":4},"end":{"line":78,"column":5}},"14":{"start":{"line":75,"column":6},"end":{"line":77,"column":40}},"15":{"start":{"line":76,"column":8},"end":{"line":76,"column":30}},"16":{"start":{"line":82,"column":4},"end":{"line":82,"column":47}},"17":{"start":{"line":82,"column":40},"end":{"line":82,"column":47}},"18":{"start":{"line":84,"column":4},"end":{"line":93,"column":5}},"19":{"start":{"line":85,"column":21},"end":{"line":85,"column":57}},"20":{"start":{"line":86,"column":6},"end":{"line":90,"column":7}},"21":{"start":{"line":87,"column":42},"end":{"line":87,"column":60}},"22":{"start":{"line":88,"column":8},"end":{"line":88,"column":31}},"23":{"start":{"line":89,"column":8},"end":{"line":89,"column":41}},"24":{"start":{"line":92,"column":6},"end":{"line":92,"column":67}},"25":{"start":{"line":97,"column":4},"end":{"line":97,"column":47}},"26":{"start":{"line":97,"column":40},"end":{"line":97,"column":47}},"27":{"start":{"line":99,"column":4},"end":{"line":107,"column":5}},"28":{"start":{"line":100,"column":19},"end":{"line":103,"column":8}},"29":{"start":{"line":104,"column":6},"end":{"line":104,"column":65}},"30":{"start":{"line":106,"column":6},"end":{"line":106,"column":65}},"31":{"start":{"line":111,"column":4},"end":{"line":111,"column":75}},"32":{"start":{"line":115,"column":4},"end":{"line":117,"column":5}},"33":{"start":{"line":116,"column":6},"end":{"line":116,"column":19}},"34":{"start":{"line":119,"column":22},"end":{"line":119,"column":53}},"35":{"start":{"line":120,"column":4},"end":{"line":123,"column":6}},"36":{"start":{"line":127,"column":32},"end":{"line":137,"column":6}},"37":{"start":{"line":140,"column":4},"end":{"line":142,"column":5}},"38":{"start":{"line":141,"column":6},"end":{"line":141,"column":66}},"39":{"start":{"line":144,"column":4},"end":{"line":144,"column":29}},"40":{"start":{"line":145,"column":4},"end":{"line":145,"column":48}},"41":{"start":{"line":148,"column":4},"end":{"line":152,"column":5}},"42":{"start":{"line":149,"column":26},"end":{"line":149,"column":71}},"43":{"start":{"line":150,"column":6},"end":{"line":150,"column":53}},"44":{"start":{"line":151,"column":6},"end":{"line":151,"column":71}},"45":{"start":{"line":154,"column":4},"end":{"line":154,"column":25}},"46":{"start":{"line":155,"column":4},"end":{"line":155,"column":17}},"47":{"start":{"line":159,"column":4},"end":{"line":162,"column":5}},"48":{"start":{"line":161,"column":6},"end":{"line":161,"column":57}},"49":{"start":{"line":164,"column":25},"end":{"line":164,"column":56}},"50":{"start":{"line":165,"column":4},"end":{"line":169,"column":6}},"51":{"start":{"line":173,"column":4},"end":{"line":173,"column":49}},"52":{"start":{"line":173,"column":32},"end":{"line":173,"column":49}},"53":{"start":{"line":175,"column":4},"end":{"line":175,"column":24}},"54":{"start":{"line":176,"column":4},"end":{"line":176,"column":43}},"55":{"start":{"line":180,"column":4},"end":{"line":180,"column":71}},"56":{"start":{"line":180,"column":54},"end":{"line":180,"column":71}},"57":{"start":{"line":182,"column":4},"end":{"line":182,"column":24}},"58":{"start":{"line":183,"column":4},"end":{"line":183,"column":43}},"59":{"start":{"line":187,"column":4},"end":{"line":187,"column":29}},"60":{"start":{"line":191,"column":4},"end":{"line":191,"column":43}},"61":{"start":{"line":195,"column":4},"end":{"line":195,"column":55}},"62":{"start":{"line":195,"column":38},"end":{"line":195,"column":53}},"63":{"start":{"line":199,"column":4},"end":{"line":199,"column":61}},"64":{"start":{"line":199,"column":40},"end":{"line":199,"column":59}},"65":{"start":{"line":203,"column":4},"end":{"line":203,"column":76}},"66":{"start":{"line":203,"column":40},"end":{"line":203,"column":75}},"67":{"start":{"line":207,"column":4},"end":{"line":207,"column":33}},"68":{"start":{"line":211,"column":4},"end":{"line":211,"column":55}},"69":{"start":{"line":215,"column":4},"end":{"line":215,"column":22}},"70":{"start":{"line":216,"column":4},"end":{"line":216,"column":27}},"71":{"start":{"line":217,"column":4},"end":{"line":217,"column":25}},"72":{"start":{"line":221,"column":4},"end":{"line":223,"column":5}},"73":{"start":{"line":222,"column":6},"end":{"line":222,"column":40}},"74":{"start":{"line":224,"column":4},"end":{"line":224,"column":17}},"75":{"start":{"line":46,"column":0},"end":{"line":46,"column":13}}},"fnMap":{"0":{"name":"(anonymous_7)","decl":{"start":{"line":29,"column":0},"end":{"line":29,"column":12}},"loc":{"start":{"line":29,"column":28},"end":{"line":36,"column":1}}},"1":{"name":"(anonymous_8)","decl":{"start":{"line":52,"column":2},"end":{"line":52,"column":14}},"loc":{"start":{"line":52,"column":42},"end":{"line":67,"column":3}}},"2":{"name":"(anonymous_9)","decl":{"start":{"line":69,"column":10},"end":{"line":69,"column":20}},"loc":{"start":{"line":69,"column":20},"end":{"line":71,"column":3}}},"3":{"name":"(anonymous_10)","decl":{"start":{"line":73,"column":10},"end":{"line":73,"column":32}},"loc":{"start":{"line":73,"column":32},"end":{"line":79,"column":3}}},"4":{"name":"(anonymous_11)","decl":{"start":{"line":75,"column":39},"end":{"line":75,"column":42}},"loc":{"start":{"line":75,"column":44},"end":{"line":77,"column":7}}},"5":{"name":"(anonymous_12)","decl":{"start":{"line":81,"column":16},"end":{"line":81,"column":31}},"loc":{"start":{"line":81,"column":31},"end":{"line":94,"column":null}}},"6":{"name":"(anonymous_14)","decl":{"start":{"line":96,"column":16},"end":{"line":96,"column":29}},"loc":{"start":{"line":96,"column":29},"end":{"line":108,"column":null}}},"7":{"name":"(anonymous_16)","decl":{"start":{"line":110,"column":10},"end":{"line":110,"column":24}},"loc":{"start":{"line":110,"column":34},"end":{"line":112,"column":3}}},"8":{"name":"(anonymous_17)","decl":{"start":{"line":114,"column":10},"end":{"line":114,"column":21}},"loc":{"start":{"line":114,"column":41},"end":{"line":124,"column":3}}},"9":{"name":"(anonymous_18)","decl":{"start":{"line":126,"column":2},"end":{"line":126,"column":10}},"loc":{"start":{"line":126,"column":99},"end":{"line":156,"column":3}}},"10":{"name":"(anonymous_19)","decl":{"start":{"line":158,"column":2},"end":{"line":158,"column":16}},"loc":{"start":{"line":158,"column":16},"end":{"line":170,"column":3}}},"11":{"name":"(anonymous_20)","decl":{"start":{"line":172,"column":2},"end":{"line":172,"column":6}},"loc":{"start":{"line":172,"column":6},"end":{"line":177,"column":3}}},"12":{"name":"(anonymous_21)","decl":{"start":{"line":179,"column":2},"end":{"line":179,"column":6}},"loc":{"start":{"line":179,"column":6},"end":{"line":184,"column":3}}},"13":{"name":"(anonymous_22)","decl":{"start":{"line":186,"column":2},"end":{"line":186,"column":12}},"loc":{"start":{"line":186,"column":12},"end":{"line":188,"column":3}}},"14":{"name":"(anonymous_23)","decl":{"start":{"line":190,"column":2},"end":{"line":190,"column":17}},"loc":{"start":{"line":190,"column":17},"end":{"line":192,"column":3}}},"15":{"name":"(anonymous_24)","decl":{"start":{"line":194,"column":2},"end":{"line":194,"column":10}},"loc":{"start":{"line":194,"column":21},"end":{"line":196,"column":3}}},"16":{"name":"(anonymous_25)","decl":{"start":{"line":195,"column":29},"end":{"line":195,"column":34}},"loc":{"start":{"line":195,"column":38},"end":{"line":195,"column":53}}},"17":{"name":"(anonymous_26)","decl":{"start":{"line":198,"column":2},"end":{"line":198,"column":18}},"loc":{"start":{"line":198,"column":41},"end":{"line":200,"column":3}}},"18":{"name":"(anonymous_27)","decl":{"start":{"line":199,"column":31},"end":{"line":199,"column":36}},"loc":{"start":{"line":199,"column":40},"end":{"line":199,"column":59}}},"19":{"name":"(anonymous_28)","decl":{"start":{"line":202,"column":2},"end":{"line":202,"column":17}},"loc":{"start":{"line":202,"column":29},"end":{"line":204,"column":3}}},"20":{"name":"(anonymous_29)","decl":{"start":{"line":203,"column":31},"end":{"line":203,"column":36}},"loc":{"start":{"line":203,"column":39},"end":{"line":203,"column":75}}},"21":{"name":"(anonymous_30)","decl":{"start":{"line":206,"column":2},"end":{"line":206,"column":9}},"loc":{"start":{"line":206,"column":9},"end":{"line":208,"column":3}}},"22":{"name":"(anonymous_31)","decl":{"start":{"line":210,"column":2},"end":{"line":210,"column":9}},"loc":{"start":{"line":210,"column":9},"end":{"line":212,"column":3}}},"23":{"name":"(anonymous_32)","decl":{"start":{"line":214,"column":2},"end":{"line":214,"column":7}},"loc":{"start":{"line":214,"column":7},"end":{"line":218,"column":3}}},"24":{"name":"(anonymous_33)","decl":{"start":{"line":220,"column":2},"end":{"line":220,"column":9}},"loc":{"start":{"line":220,"column":9},"end":{"line":225,"column":3}}}},"branchMap":{"0":{"loc":{"start":{"line":29,"column":12},"end":{"line":29,"column":null}},"type":"binary-expr","locations":[{"start":{"line":29,"column":12},"end":{"line":29,"column":28}},{"start":{"line":29,"column":28},"end":{"line":29,"column":null}}]},"1":{"loc":{"start":{"line":52,"column":14},"end":{"line":52,"column":42}},"type":"default-arg","locations":[{"start":{"line":52,"column":40},"end":{"line":52,"column":42}}]},"2":{"loc":{"start":{"line":54,"column":18},"end":{"line":54,"column":42}},"type":"cond-expr","locations":[{"start":{"line":54,"column":36},"end":{"line":54,"column":40}},{"start":{"line":54,"column":40},"end":{"line":54,"column":42}}]},"3":{"loc":{"start":{"line":54,"column":18},"end":{"line":54,"column":40}},"type":"binary-expr","locations":[{"start":{"line":54,"column":18},"end":{"line":54,"column":40}},{"start":{"line":54,"column":36},"end":{"line":54,"column":40}}]},"4":{"loc":{"start":{"line":55,"column":24},"end":{"line":55,"column":56}},"type":"cond-expr","locations":[{"start":{"line":55,"column":48},"end":{"line":55,"column":52}},{"start":{"line":55,"column":52},"end":{"line":55,"column":56}}]},"5":{"loc":{"start":{"line":55,"column":24},"end":{"line":55,"column":52}},"type":"binary-expr","locations":[{"start":{"line":55,"column":24},"end":{"line":55,"column":52}},{"start":{"line":55,"column":48},"end":{"line":55,"column":52}}]},"6":{"loc":{"start":{"line":56,"column":24},"end":{"line":56,"column":57}},"type":"cond-expr","locations":[{"start":{"line":56,"column":48},"end":{"line":56,"column":52}},{"start":{"line":56,"column":52},"end":{"line":56,"column":57}}]},"7":{"loc":{"start":{"line":56,"column":24},"end":{"line":56,"column":52}},"type":"binary-expr","locations":[{"start":{"line":56,"column":24},"end":{"line":56,"column":52}},{"start":{"line":56,"column":48},"end":{"line":56,"column":52}}]},"8":{"loc":{"start":{"line":57,"column":28},"end":{"line":57,"column":64}},"type":"cond-expr","locations":[{"start":{"line":57,"column":56},"end":{"line":57,"column":60}},{"start":{"line":57,"column":60},"end":{"line":57,"column":64}}]},"9":{"loc":{"start":{"line":57,"column":28},"end":{"line":57,"column":60}},"type":"binary-expr","locations":[{"start":{"line":57,"column":28},"end":{"line":57,"column":60}},{"start":{"line":57,"column":56},"end":{"line":57,"column":60}}]},"10":{"loc":{"start":{"line":58,"column":28},"end":{"line":58,"column":64}},"type":"cond-expr","locations":[{"start":{"line":58,"column":56},"end":{"line":58,"column":60}},{"start":{"line":58,"column":60},"end":{"line":58,"column":64}}]},"11":{"loc":{"start":{"line":58,"column":28},"end":{"line":58,"column":60}},"type":"binary-expr","locations":[{"start":{"line":58,"column":28},"end":{"line":58,"column":60}},{"start":{"line":58,"column":56},"end":{"line":58,"column":60}}]},"12":{"loc":{"start":{"line":74,"column":4},"end":{"line":78,"column":5}},"type":"if","locations":[{"start":{"line":74,"column":4},"end":{"line":78,"column":5}}]},"13":{"loc":{"start":{"line":82,"column":4},"end":{"line":82,"column":47}},"type":"if","locations":[{"start":{"line":82,"column":4},"end":{"line":82,"column":47}}]},"14":{"loc":{"start":{"line":86,"column":6},"end":{"line":90,"column":7}},"type":"if","locations":[{"start":{"line":86,"column":6},"end":{"line":90,"column":7}}]},"15":{"loc":{"start":{"line":97,"column":4},"end":{"line":97,"column":47}},"type":"if","locations":[{"start":{"line":97,"column":4},"end":{"line":97,"column":47}}]},"16":{"loc":{"start":{"line":115,"column":4},"end":{"line":117,"column":5}},"type":"if","locations":[{"start":{"line":115,"column":4},"end":{"line":117,"column":5}}]},"17":{"loc":{"start":{"line":115,"column":8},"end":{"line":115,"column":71}},"type":"binary-expr","locations":[{"start":{"line":115,"column":8},"end":{"line":115,"column":42}},{"start":{"line":115,"column":46},"end":{"line":115,"column":71}}]},"18":{"loc":{"start":{"line":121,"column":6},"end":{"line":122,"column":35}},"type":"binary-expr","locations":[{"start":{"line":121,"column":6},"end":{"line":121,"column":71}},{"start":{"line":122,"column":6},"end":{"line":122,"column":35}}]},"19":{"loc":{"start":{"line":126,"column":60},"end":{"line":126,"column":99}},"type":"default-arg","locations":[{"start":{"line":126,"column":97},"end":{"line":126,"column":99}}]},"20":{"loc":{"start":{"line":140,"column":4},"end":{"line":142,"column":5}},"type":"if","locations":[{"start":{"line":140,"column":4},"end":{"line":142,"column":5}}]},"21":{"loc":{"start":{"line":148,"column":4},"end":{"line":152,"column":5}},"type":"if","locations":[{"start":{"line":148,"column":4},"end":{"line":152,"column":5}}]},"22":{"loc":{"start":{"line":148,"column":8},"end":{"line":148,"column":80}},"type":"binary-expr","locations":[{"start":{"line":148,"column":8},"end":{"line":148,"column":31}},{"start":{"line":148,"column":35},"end":{"line":148,"column":80}}]},"23":{"loc":{"start":{"line":159,"column":4},"end":{"line":162,"column":5}},"type":"if","locations":[{"start":{"line":159,"column":4},"end":{"line":162,"column":5}}]},"24":{"loc":{"start":{"line":173,"column":4},"end":{"line":173,"column":49}},"type":"if","locations":[{"start":{"line":173,"column":4},"end":{"line":173,"column":49}}]},"25":{"loc":{"start":{"line":180,"column":4},"end":{"line":180,"column":71}},"type":"if","locations":[{"start":{"line":180,"column":4},"end":{"line":180,"column":71}}]},"26":{"loc":{"start":{"line":203,"column":40},"end":{"line":203,"column":74}},"type":"cond-expr","locations":[{"start":{"line":203,"column":59},"end":{"line":203,"column":61}},{"start":{"line":203,"column":59},"end":{"line":203,"column":74}}]},"27":{"loc":{"start":{"line":203,"column":40},"end":{"line":203,"column":61}},"type":"binary-expr","locations":[{"start":{"line":203,"column":40},"end":{"line":203,"column":61}},{"start":{"line":203,"column":59},"end":{"line":203,"column":61}}]},"28":{"loc":{"start":{"line":221,"column":4},"end":{"line":223,"column":5}},"type":"if","locations":[{"start":{"line":221,"column":4},"end":{"line":223,"column":5}}]}},"s":{"0":1,"1":1,"2":1,"3":1,"4":1,"5":1,"6":1,"7":7,"8":7,"9":7,"10":7,"11":7,"12":0,"13":7,"14":7,"15":0,"16":7,"17":7,"18":0,"19":0,"20":0,"21":0,"22":0,"23":0,"24":0,"25":7,"26":7,"27":0,"28":0,"29":0,"30":0,"31":0,"32":0,"33":0,"34":0,"35":0,"36":0,"37":0,"38":0,"39":0,"40":0,"41":0,"42":0,"43":0,"44":0,"45":0,"46":0,"47":0,"48":0,"49":0,"50":0,"51":0,"52":0,"53":0,"54":0,"55":0,"56":0,"57":0,"58":0,"59":0,"60":0,"61":0,"62":0,"63":0,"64":0,"65":0,"66":0,"67":0,"68":0,"69":7,"70":7,"71":7,"72":7,"73":7,"74":7,"75":1},"f":{"0":1,"1":7,"2":0,"3":7,"4":0,"5":7,"6":7,"7":0,"8":0,"9":0,"10":0,"11":0,"12":0,"13":0,"14":0,"15":0,"16":0,"17":0,"18":0,"19":0,"20":0,"21":0,"22":0,"23":7,"24":7},"b":{"0":[1,1],"1":[7],"2":[0,7],"3":[7,7],"4":[0,7],"5":[7,7],"6":[0,7],"7":[7,7],"8":[0,7],"9":[7,7],"10":[0,7],"11":[7,7],"12":[7],"13":[7],"14":[0],"15":[7],"16":[0],"17":[0,0],"18":[0,0],"19":[0],"20":[0],"21":[0],"22":[0,0],"23":[0],"24":[0],"25":[0],"26":[0,0],"27":[0,0],"28":[7]}}
,"C:\\Users\\ajelacn\\OneDrive - Adient\\Documents\\Projects\\kundli_calculation_webservice\\frontend\\src\\components\\form\\history\\HistoryProvider.tsx": {"path":"C:\\Users\\ajelacn\\OneDrive - Adient\\Documents\\Projects\\kundli_calculation_webservice\\frontend\\src\\components\\form\\history\\HistoryProvider.tsx","statementMap":{"0":{"start":{"line":48,"column":0},"end":{"line":48,"column":16}},"1":{"start":{"line":154,"column":0},"end":{"line":154,"column":16}},"2":{"start":{"line":162,"column":0},"end":{"line":162,"column":16}},"3":{"start":{"line":8,"column":0},"end":{"line":8,"column":null}},"4":{"start":{"line":16,"column":0},"end":{"line":16,"column":null}},"5":{"start":{"line":41,"column":23},"end":{"line":41,"column":80}},"6":{"start":{"line":52,"column":21},"end":{"line":52,"column":42}},"7":{"start":{"line":53,"column":32},"end":{"line":53,"column":47}},"8":{"start":{"line":54,"column":32},"end":{"line":54,"column":47}},"9":{"start":{"line":56,"column":2},"end":{"line":61,"column":16}},"10":{"start":{"line":57,"column":4},"end":{"line":57,"column":50}},"11":{"start":{"line":58,"column":4},"end":{"line":60,"column":6}},"12":{"start":{"line":59,"column":6},"end":{"line":59,"column":36}},"13":{"start":{"line":63,"column":32},"end":{"line":68,"column":8}},"14":{"start":{"line":64,"column":4},"end":{"line":67,"column":5}},"15":{"start":{"line":65,"column":6},"end":{"line":65,"column":47}},"16":{"start":{"line":66,"column":6},"end":{"line":66,"column":47}},"17":{"start":{"line":70,"column":19},"end":{"line":83,"column":null}},"18":{"start":{"line":76,"column":6},"end":{"line":78,"column":7}},"19":{"start":{"line":77,"column":8},"end":{"line":77,"column":51}},"20":{"start":{"line":79,"column":20},"end":{"line":79,"column":71}},"21":{"start":{"line":80,"column":6},"end":{"line":80,"column":30}},"22":{"start":{"line":81,"column":6},"end":{"line":81,"column":19}},"23":{"start":{"line":86,"column":15},"end":{"line":93,"column":29}},"24":{"start":{"line":87,"column":4},"end":{"line":89,"column":5}},"25":{"start":{"line":88,"column":6},"end":{"line":88,"column":49}},"26":{"start":{"line":90,"column":18},"end":{"line":90,"column":43}},"27":{"start":{"line":91,"column":4},"end":{"line":91,"column":28}},"28":{"start":{"line":92,"column":4},"end":{"line":92,"column":17}},"29":{"start":{"line":95,"column":15},"end":{"line":102,"column":29}},"30":{"start":{"line":96,"column":4},"end":{"line":98,"column":5}},"31":{"start":{"line":97,"column":6},"end":{"line":97,"column":49}},"32":{"start":{"line":99,"column":18},"end":{"line":99,"column":43}},"33":{"start":{"line":100,"column":4},"end":{"line":100,"column":28}},"34":{"start":{"line":101,"column":4},"end":{"line":101,"column":17}},"35":{"start":{"line":104,"column":26},"end":{"line":109,"column":8}},"36":{"start":{"line":105,"column":4},"end":{"line":107,"column":5}},"37":{"start":{"line":106,"column":6},"end":{"line":106,"column":49}},"38":{"start":{"line":108,"column":4},"end":{"line":108,"column":48}},"39":{"start":{"line":111,"column":21},"end":{"line":116,"column":8}},"40":{"start":{"line":112,"column":4},"end":{"line":114,"column":5}},"41":{"start":{"line":113,"column":6},"end":{"line":113,"column":49}},"42":{"start":{"line":115,"column":4},"end":{"line":115,"column":43}},"43":{"start":{"line":118,"column":25},"end":{"line":125,"column":29}},"44":{"start":{"line":119,"column":4},"end":{"line":121,"column":5}},"45":{"start":{"line":120,"column":6},"end":{"line":120,"column":49}},"46":{"start":{"line":122,"column":18},"end":{"line":122,"column":53}},"47":{"start":{"line":123,"column":4},"end":{"line":123,"column":28}},"48":{"start":{"line":124,"column":4},"end":{"line":124,"column":17}},"49":{"start":{"line":127,"column":16},"end":{"line":133,"column":29}},"50":{"start":{"line":128,"column":4},"end":{"line":130,"column":5}},"51":{"start":{"line":129,"column":6},"end":{"line":129,"column":49}},"52":{"start":{"line":131,"column":4},"end":{"line":131,"column":31}},"53":{"start":{"line":132,"column":4},"end":{"line":132,"column":28}},"54":{"start":{"line":135,"column":23},"end":{"line":145,"column":4}},"55":{"start":{"line":147,"column":2},"end":{"line":151,"column":4}},"56":{"start":{"line":155,"column":18},"end":{"line":155,"column":44}},"57":{"start":{"line":156,"column":2},"end":{"line":158,"column":3}},"58":{"start":{"line":157,"column":4},"end":{"line":157,"column":72}},"59":{"start":{"line":159,"column":2},"end":{"line":159,"column":17}},"60":{"start":{"line":169,"column":18},"end":{"line":169,"column":30}},"61":{"start":{"line":170,"column":30},"end":{"line":170,"column":56}},"62":{"start":{"line":172,"column":2},"end":{"line":174,"column":9}},"63":{"start":{"line":173,"column":4},"end":{"line":173,"column":81}},"64":{"start":{"line":176,"column":23},"end":{"line":185,"column":null}},"65":{"start":{"line":178,"column":6},"end":{"line":178,"column":27}},"66":{"start":{"line":179,"column":6},"end":{"line":183,"column":8}},"67":{"start":{"line":188,"column":22},"end":{"line":193,"column":15}},"68":{"start":{"line":189,"column":26},"end":{"line":189,"column":40}},"69":{"start":{"line":190,"column":4},"end":{"line":192,"column":5}},"70":{"start":{"line":191,"column":6},"end":{"line":191,"column":43}},"71":{"start":{"line":195,"column":22},"end":{"line":200,"column":15}},"72":{"start":{"line":196,"column":22},"end":{"line":196,"column":36}},"73":{"start":{"line":197,"column":4},"end":{"line":199,"column":5}},"74":{"start":{"line":198,"column":6},"end":{"line":198,"column":39}},"75":{"start":{"line":202,"column":2},"end":{"line":209,"column":4}}},"fnMap":{"0":{"name":"HistoryProvider","decl":{"start":{"line":48,"column":16},"end":{"line":48,"column":31}},"loc":{"start":{"line":51,"column":23},"end":{"line":152,"column":1}}},"1":{"name":"(anonymous_1)","decl":{"start":{"line":56,"column":12},"end":{"line":56,"column":15}},"loc":{"start":{"line":56,"column":17},"end":{"line":61,"column":3}}},"2":{"name":"(anonymous_2)","decl":{"start":{"line":58,"column":11},"end":{"line":58,"column":14}},"loc":{"start":{"line":58,"column":16},"end":{"line":60,"column":5}}},"3":{"name":"(anonymous_3)","decl":{"start":{"line":63,"column":44},"end":{"line":63,"column":47}},"loc":{"start":{"line":63,"column":49},"end":{"line":68,"column":3}}},"4":{"name":"(anonymous_4)","decl":{"start":{"line":71,"column":4},"end":{"line":71,"column":null}},"loc":{"start":{"line":75,"column":8},"end":{"line":82,"column":5}}},"5":{"name":"(anonymous_5)","decl":{"start":{"line":86,"column":27},"end":{"line":86,"column":30}},"loc":{"start":{"line":86,"column":32},"end":{"line":93,"column":3}}},"6":{"name":"(anonymous_6)","decl":{"start":{"line":95,"column":27},"end":{"line":95,"column":30}},"loc":{"start":{"line":95,"column":32},"end":{"line":102,"column":3}}},"7":{"name":"(anonymous_7)","decl":{"start":{"line":104,"column":38},"end":{"line":104,"column":41}},"loc":{"start":{"line":104,"column":43},"end":{"line":109,"column":3}}},"8":{"name":"(anonymous_8)","decl":{"start":{"line":111,"column":33},"end":{"line":111,"column":36}},"loc":{"start":{"line":111,"column":38},"end":{"line":116,"column":3}}},"9":{"name":"(anonymous_9)","decl":{"start":{"line":118,"column":37},"end":{"line":118,"column":40}},"loc":{"start":{"line":118,"column":42},"end":{"line":125,"column":3}}},"10":{"name":"(anonymous_10)","decl":{"start":{"line":127,"column":28},"end":{"line":127,"column":31}},"loc":{"start":{"line":127,"column":33},"end":{"line":133,"column":3}}},"11":{"name":"useHistory","decl":{"start":{"line":154,"column":16},"end":{"line":154,"column":26}},"loc":{"start":{"line":154,"column":26},"end":{"line":160,"column":1}}},"12":{"name":"useHistoryState","decl":{"start":{"line":162,"column":16},"end":{"line":162,"column":31}},"loc":{"start":{"line":167,"column":3},"end":{"line":210,"column":1}}},"13":{"name":"(anonymous_13)","decl":{"start":{"line":172,"column":12},"end":{"line":172,"column":15}},"loc":{"start":{"line":172,"column":17},"end":{"line":174,"column":3}}},"14":{"name":"(anonymous_14)","decl":{"start":{"line":177,"column":4},"end":{"line":177,"column":5}},"loc":{"start":{"line":177,"column":21},"end":{"line":184,"column":5}}},"15":{"name":"(anonymous_15)","decl":{"start":{"line":188,"column":34},"end":{"line":188,"column":37}},"loc":{"start":{"line":188,"column":39},"end":{"line":193,"column":3}}},"16":{"name":"(anonymous_16)","decl":{"start":{"line":195,"column":34},"end":{"line":195,"column":37}},"loc":{"start":{"line":195,"column":39},"end":{"line":200,"column":3}}}},"branchMap":{"0":{"loc":{"start":{"line":59,"column":6},"end":{"line":59,"column":35}},"type":"cond-expr","locations":[{"start":{"line":59,"column":24},"end":{"line":59,"column":26}},{"start":{"line":59,"column":24},"end":{"line":59,"column":35}}]},"1":{"loc":{"start":{"line":59,"column":6},"end":{"line":59,"column":26}},"type":"binary-expr","locations":[{"start":{"line":59,"column":6},"end":{"line":59,"column":26}},{"start":{"line":59,"column":24},"end":{"line":59,"column":26}}]},"2":{"loc":{"start":{"line":64,"column":4},"end":{"line":67,"column":5}},"type":"if","locations":[{"start":{"line":64,"column":4},"end":{"line":67,"column":5}}]},"3":{"loc":{"start":{"line":76,"column":6},"end":{"line":78,"column":7}},"type":"if","locations":[{"start":{"line":76,"column":6},"end":{"line":78,"column":7}}]},"4":{"loc":{"start":{"line":87,"column":4},"end":{"line":89,"column":5}},"type":"if","locations":[{"start":{"line":87,"column":4},"end":{"line":89,"column":5}}]},"5":{"loc":{"start":{"line":96,"column":4},"end":{"line":98,"column":5}},"type":"if","locations":[{"start":{"line":96,"column":4},"end":{"line":98,"column":5}}]},"6":{"loc":{"start":{"line":105,"column":4},"end":{"line":107,"column":5}},"type":"if","locations":[{"start":{"line":105,"column":4},"end":{"line":107,"column":5}}]},"7":{"loc":{"start":{"line":112,"column":4},"end":{"line":114,"column":5}},"type":"if","locations":[{"start":{"line":112,"column":4},"end":{"line":114,"column":5}}]},"8":{"loc":{"start":{"line":119,"column":4},"end":{"line":121,"column":5}},"type":"if","locations":[{"start":{"line":119,"column":4},"end":{"line":121,"column":5}}]},"9":{"loc":{"start":{"line":128,"column":4},"end":{"line":130,"column":5}},"type":"if","locations":[{"start":{"line":128,"column":4},"end":{"line":130,"column":5}}]},"10":{"loc":{"start":{"line":156,"column":2},"end":{"line":158,"column":3}},"type":"if","locations":[{"start":{"line":156,"column":2},"end":{"line":158,"column":3}}]},"11":{"loc":{"start":{"line":173,"column":62},"end":{"line":173,"column":79}},"type":"cond-expr","locations":[{"start":{"line":173,"column":69},"end":{"line":173,"column":71}},{"start":{"line":173,"column":62},"end":{"line":173,"column":79}}]},"12":{"loc":{"start":{"line":173,"column":62},"end":{"line":173,"column":71}},"type":"binary-expr","locations":[{"start":{"line":173,"column":62},"end":{"line":173,"column":71}},{"start":{"line":173,"column":62},"end":{"line":173,"column":71}}]},"13":{"loc":{"start":{"line":181,"column":8},"end":{"line":181,"column":48}},"type":"binary-expr","locations":[{"start":{"line":181,"column":8},"end":{"line":181,"column":21}},{"start":{"line":181,"column":25},"end":{"line":181,"column":48}}]},"14":{"loc":{"start":{"line":181,"column":8},"end":{"line":181,"column":21}},"type":"cond-expr","locations":[{"start":{"line":181,"column":15},"end":{"line":181,"column":17}},{"start":{"line":181,"column":8},"end":{"line":181,"column":21}}]},"15":{"loc":{"start":{"line":181,"column":8},"end":{"line":181,"column":17}},"type":"binary-expr","locations":[{"start":{"line":181,"column":8},"end":{"line":181,"column":17}},{"start":{"line":181,"column":8},"end":{"line":181,"column":17}}]},"16":{"loc":{"start":{"line":182,"column":8},"end":{"line":182,"column":25}},"type":"cond-expr","locations":[{"start":{"line":182,"column":15},"end":{"line":182,"column":17}},{"start":{"line":182,"column":8},"end":{"line":182,"column":25}}]},"17":{"loc":{"start":{"line":182,"column":8},"end":{"line":182,"column":17}},"type":"binary-expr","locations":[{"start":{"line":182,"column":8},"end":{"line":182,"column":17}},{"start":{"line":182,"column":8},"end":{"line":182,"column":17}}]},"18":{"loc":{"start":{"line":190,"column":4},"end":{"line":192,"column":5}},"type":"if","locations":[{"start":{"line":190,"column":4},"end":{"line":192,"column":5}}]},"19":{"loc":{"start":{"line":197,"column":4},"end":{"line":199,"column":5}},"type":"if","locations":[{"start":{"line":197,"column":4},"end":{"line":199,"column":5}}]}},"s":{"0":1,"1":1,"2":1,"3":1,"4":1,"5":1,"6":7,"7":7,"8":7,"9":7,"10":7,"11":7,"12":7,"13":7,"14":0,"15":0,"16":0,"17":7,"18":0,"19":0,"20":0,"21":0,"22":0,"23":7,"24":0,"25":0,"26":0,"27":0,"28":0,"29":7,"30":0,"31":0,"32":0,"33":0,"34":0,"35":7,"36":0,"37":0,"38":0,"39":7,"40":0,"41":0,"42":0,"43":7,"44":0,"45":0,"46":0,"47":0,"48":0,"49":7,"50":0,"51":0,"52":0,"53":0,"54":7,"55":7,"56":0,"57":0,"58":0,"59":0,"60":0,"61":0,"62":0,"63":0,"64":0,"65":0,"66":0,"67":0,"68":0,"69":0,"70":0,"71":0,"72":0,"73":0,"74":0,"75":0},"f":{"0":7,"1":7,"2":7,"3":0,"4":0,"5":0,"6":0,"7":0,"8":0,"9":0,"10":0,"11":0,"12":0,"13":0,"14":0,"15":0,"16":0},"b":{"0":[0,7],"1":[7,7],"2":[0],"3":[0],"4":[0],"5":[0],"6":[0],"7":[0],"8":[0],"9":[0],"10":[0],"11":[0,0],"12":[0,0],"13":[0,0],"14":[0,0],"15":[0,0],"16":[0,0],"17":[0,0],"18":[0],"19":[0]}}
,"C:\\Users\\ajelacn\\OneDrive - Adient\\Documents\\Projects\\kundli_calculation_webservice\\frontend\\src\\components\\form\\validation\\ValidationProvider.tsx": {"path":"C:\\Users\\ajelacn\\OneDrive - Adient\\Documents\\Projects\\kundli_calculation_webservice\\frontend\\src\\components\\form\\validation\\ValidationProvider.tsx","statementMap":{"0":{"start":{"line":1,"column":0},"end":{"line":1,"column":70}},"1":{"start":{"line":2,"column":0},"end":{"line":2,"column":24}},"2":{"start":{"line":5,"column":26},"end":{"line":5,"column":87}},"3":{"start":{"line":7,"column":29},"end":{"line":13,"column":1}},"4":{"start":{"line":8,"column":18},"end":{"line":8,"column":47}},"5":{"start":{"line":9,"column":2},"end":{"line":11,"column":3}},"6":{"start":{"line":10,"column":4},"end":{"line":10,"column":78}},"7":{"start":{"line":12,"column":2},"end":{"line":12,"column":17}},"8":{"start":{"line":7,"column":13},"end":{"line":7,"column":29}},"9":{"start":{"line":15,"column":75},"end":{"line":72,"column":1}},"10":{"start":{"line":16,"column":24},"end":{"line":65,"column":8}},"11":{"start":{"line":16,"column":110},"end":{"line":65,"column":5}},"12":{"start":{"line":17,"column":4},"end":{"line":17,"column":33}},"13":{"start":{"line":17,"column":16},"end":{"line":17,"column":33}},"14":{"start":{"line":19,"column":4},"end":{"line":21,"column":5}},"15":{"start":{"line":20,"column":6},"end":{"line":20,"column":38}},"16":{"start":{"line":23,"column":4},"end":{"line":35,"column":5}},"17":{"start":{"line":24,"column":6},"end":{"line":26,"column":7}},"18":{"start":{"line":25,"column":8},"end":{"line":25,"column":64}},"19":{"start":{"line":28,"column":6},"end":{"line":30,"column":7}},"20":{"start":{"line":29,"column":8},"end":{"line":29,"column":63}},"21":{"start":{"line":32,"column":6},"end":{"line":34,"column":7}},"22":{"start":{"line":33,"column":8},"end":{"line":33,"column":32}},"23":{"start":{"line":37,"column":4},"end":{"line":45,"column":5}},"24":{"start":{"line":38,"column":6},"end":{"line":40,"column":7}},"25":{"start":{"line":39,"column":8},"end":{"line":39,"column":47}},"26":{"start":{"line":42,"column":6},"end":{"line":44,"column":7}},"27":{"start":{"line":43,"column":8},"end":{"line":43,"column":46}},"28":{"start":{"line":47,"column":4},"end":{"line":52,"column":5}},"29":{"start":{"line":48,"column":21},"end":{"line":48,"column":61}},"30":{"start":{"line":49,"column":6},"end":{"line":51,"column":7}},"31":{"start":{"line":50,"column":8},"end":{"line":50,"column":66}},"32":{"start":{"line":54,"column":4},"end":{"line":62,"column":5}},"33":{"start":{"line":55,"column":21},"end":{"line":55,"column":48}},"34":{"start":{"line":56,"column":6},"end":{"line":58,"column":7}},"35":{"start":{"line":57,"column":8},"end":{"line":57,"column":22}},"36":{"start":{"line":59,"column":6},"end":{"line":61,"column":7}},"37":{"start":{"line":60,"column":8},"end":{"line":60,"column":31}},"38":{"start":{"line":64,"column":4},"end":{"line":64,"column":21}},"39":{"start":{"line":67,"column":41},"end":{"line":69,"column":4}},"40":{"start":{"line":71,"column":2},"end":{"line":71,"column":91}},"41":{"start":{"line":15,"column":13},"end":{"line":15,"column":75}}},"fnMap":{"0":{"name":"(anonymous_7)","decl":{"start":{"line":7,"column":29},"end":{"line":7,"column":32}},"loc":{"start":{"line":7,"column":34},"end":{"line":13,"column":1}}},"1":{"name":"(anonymous_8)","decl":{"start":{"line":15,"column":75},"end":{"line":15,"column":76}},"loc":{"start":{"line":15,"column":92},"end":{"line":72,"column":1}}},"2":{"name":"(anonymous_9)","decl":{"start":{"line":16,"column":36},"end":{"line":16,"column":43}},"loc":{"start":{"line":16,"column":110},"end":{"line":65,"column":5}}},"3":{"name":"(anonymous_10)","decl":{"start":{"line":16,"column":110},"end":{"line":16,"column":null}},"loc":{"start":{"line":16,"column":110},"end":{"line":65,"column":3}}}},"branchMap":{"0":{"loc":{"start":{"line":9,"column":2},"end":{"line":11,"column":3}},"type":"if","locations":[{"start":{"line":9,"column":2},"end":{"line":11,"column":3}}]},"1":{"loc":{"start":{"line":17,"column":4},"end":{"line":17,"column":33}},"type":"if","locations":[{"start":{"line":17,"column":4},"end":{"line":17,"column":33}}]},"2":{"loc":{"start":{"line":19,"column":4},"end":{"line":21,"column":5}},"type":"if","locations":[{"start":{"line":19,"column":4},"end":{"line":21,"column":5}}]},"3":{"loc":{"start":{"line":19,"column":8},"end":{"line":19,"column":82}},"type":"binary-expr","locations":[{"start":{"line":19,"column":8},"end":{"line":19,"column":22}},{"start":{"line":19,"column":27},"end":{"line":19,"column":33}},{"start":{"line":19,"column":38},"end":{"line":19,"column":63}},{"start":{"line":19,"column":67},"end":{"line":19,"column":80}}]},"4":{"loc":{"start":{"line":23,"column":4},"end":{"line":35,"column":5}},"type":"if","locations":[{"start":{"line":23,"column":4},"end":{"line":35,"column":5}}]},"5":{"loc":{"start":{"line":24,"column":6},"end":{"line":26,"column":7}},"type":"if","locations":[{"start":{"line":24,"column":6},"end":{"line":26,"column":7}}]},"6":{"loc":{"start":{"line":24,"column":10},"end":{"line":24,"column":59}},"type":"binary-expr","locations":[{"start":{"line":24,"column":10},"end":{"line":24,"column":25}},{"start":{"line":24,"column":29},"end":{"line":24,"column":59}}]},"7":{"loc":{"start":{"line":28,"column":6},"end":{"line":30,"column":7}},"type":"if","locations":[{"start":{"line":28,"column":6},"end":{"line":30,"column":7}}]},"8":{"loc":{"start":{"line":28,"column":10},"end":{"line":28,"column":59}},"type":"binary-expr","locations":[{"start":{"line":28,"column":10},"end":{"line":28,"column":25}},{"start":{"line":28,"column":29},"end":{"line":28,"column":59}}]},"9":{"loc":{"start":{"line":32,"column":6},"end":{"line":34,"column":7}},"type":"if","locations":[{"start":{"line":32,"column":6},"end":{"line":34,"column":7}}]},"10":{"loc":{"start":{"line":32,"column":10},"end":{"line":32,"column":53}},"type":"binary-expr","locations":[{"start":{"line":32,"column":10},"end":{"line":32,"column":23}},{"start":{"line":32,"column":27},"end":{"line":32,"column":53}}]},"11":{"loc":{"start":{"line":37,"column":4},"end":{"line":45,"column":5}},"type":"if","locations":[{"start":{"line":37,"column":4},"end":{"line":45,"column":5}}]},"12":{"loc":{"start":{"line":38,"column":6},"end":{"line":40,"column":7}},"type":"if","locations":[{"start":{"line":38,"column":6},"end":{"line":40,"column":7}}]},"13":{"loc":{"start":{"line":38,"column":10},"end":{"line":38,"column":54}},"type":"binary-expr","locations":[{"start":{"line":38,"column":10},"end":{"line":38,"column":33}},{"start":{"line":38,"column":37},"end":{"line":38,"column":54}}]},"14":{"loc":{"start":{"line":42,"column":6},"end":{"line":44,"column":7}},"type":"if","locations":[{"start":{"line":42,"column":6},"end":{"line":44,"column":7}}]},"15":{"loc":{"start":{"line":42,"column":10},"end":{"line":42,"column":54}},"type":"binary-expr","locations":[{"start":{"line":42,"column":10},"end":{"line":42,"column":33}},{"start":{"line":42,"column":37},"end":{"line":42,"column":54}}]},"16":{"loc":{"start":{"line":47,"column":4},"end":{"line":52,"column":5}},"type":"if","locations":[{"start":{"line":47,"column":4},"end":{"line":52,"column":5}}]},"17":{"loc":{"start":{"line":47,"column":8},"end":{"line":47,"column":57}},"type":"binary-expr","locations":[{"start":{"line":47,"column":8},"end":{"line":47,"column":20}},{"start":{"line":47,"column":24},"end":{"line":47,"column":57}}]},"18":{"loc":{"start":{"line":49,"column":6},"end":{"line":51,"column":7}},"type":"if","locations":[{"start":{"line":49,"column":6},"end":{"line":51,"column":7}}]},"19":{"loc":{"start":{"line":50,"column":15},"end":{"line":50,"column":65}},"type":"binary-expr","locations":[{"start":{"line":50,"column":15},"end":{"line":50,"column":46}},{"start":{"line":50,"column":50},"end":{"line":50,"column":65}}]},"20":{"loc":{"start":{"line":50,"column":15},"end":{"line":50,"column":46}},"type":"cond-expr","locations":[{"start":{"line":50,"column":37},"end":{"line":50,"column":39}},{"start":{"line":50,"column":37},"end":{"line":50,"column":46}}]},"21":{"loc":{"start":{"line":50,"column":15},"end":{"line":50,"column":39}},"type":"binary-expr","locations":[{"start":{"line":50,"column":15},"end":{"line":50,"column":39}},{"start":{"line":50,"column":37},"end":{"line":50,"column":39}}]},"22":{"loc":{"start":{"line":54,"column":4},"end":{"line":62,"column":5}},"type":"if","locations":[{"start":{"line":54,"column":4},"end":{"line":62,"column":5}}]},"23":{"loc":{"start":{"line":56,"column":6},"end":{"line":58,"column":7}},"type":"if","locations":[{"start":{"line":56,"column":6},"end":{"line":58,"column":7}}]},"24":{"loc":{"start":{"line":59,"column":6},"end":{"line":61,"column":7}},"type":"if","locations":[{"start":{"line":59,"column":6},"end":{"line":61,"column":7}}]}},"s":{"0":1,"1":1,"2":1,"3":1,"4":0,"5":0,"6":0,"7":0,"8":1,"9":1,"10":7,"11":0,"12":0,"13":0,"14":0,"15":0,"16":0,"17":0,"18":0,"19":0,"20":0,"21":0,"22":0,"23":0,"24":0,"25":0,"26":0,"27":0,"28":0,"29":0,"30":0,"31":0,"32":0,"33":0,"34":0,"35":0,"36":0,"37":0,"38":0,"39":7,"40":7,"41":1},"f":{"0":0,"1":7,"2":0,"3":0},"b":{"0":[0],"1":[0],"2":[0],"3":[0,0,0,0],"4":[0],"5":[0],"6":[0,0],"7":[0],"8":[0,0],"9":[0],"10":[0,0],"11":[0],"12":[0],"13":[0,0],"14":[0],"15":[0,0],"16":[0],"17":[0,0],"18":[0],"19":[0,0],"20":[0,0],"21":[0,0],"22":[0],"23":[0],"24":[0]}}
}
