TN:
SF:..\..\components\Form.tsx
FN:9,(anonymous_8)
FN:17,(anonymous_9)
FN:17,(anonymous_10)
FNF:3
FNH:3
FNDA:134,(anonymous_8)
FNDA:3,(anonymous_9)
FNDA:3,(anonymous_10)
DA:2,1
DA:9,1
DA:12,134
DA:13,134
DA:15,134
DA:17,134
DA:18,3
DA:19,3
DA:20,0
DA:24,134
LF:10
LH:9
BRDA:19,0,0,0
BRF:1
BRH:0
end_of_record
TN:
SF:..\..\components\FormField.tsx
FN:13,(anonymous_8)
FN:30,(anonymous_9)
FN:38,(anonymous_10)
FN:44,(anonymous_11)
FN:44,(anonymous_12)
FN:52,(anonymous_13)
FN:58,(anonymous_14)
FN:65,(anonymous_15)
FNF:8
FNH:8
FNDA:536,(anonymous_8)
FNDA:113,(anonymous_9)
FNDA:536,(anonymous_10)
FNDA:13,(anonymous_11)
FNDA:13,(anonymous_12)
FNDA:113,(anonymous_13)
FNDA:14,(anonymous_14)
FNDA:480,(anonymous_15)
DA:1,1
DA:2,1
DA:4,1
DA:13,1
DA:18,536
DA:19,536
DA:28,536
DA:30,536
DA:31,113
DA:32,6
DA:33,6
DA:35,107
DA:38,536
DA:39,536
DA:40,536
DA:43,536
DA:44,13
DA:45,13
DA:46,13
DA:52,536
DA:53,113
DA:54,113
DA:55,113
DA:58,536
DA:59,14
DA:60,14
DA:61,14
DA:65,536
DA:66,480
DA:67,0
DA:71,536
DA:72,536
DA:74,536
LF:33
LH:32
BRDA:17,0,0,0
BRDA:31,1,0,6
BRDA:33,2,0,0
BRDA:33,2,1,6
BRDA:39,3,0,0
BRDA:39,4,0,536
BRDA:39,4,1,536
BRDA:45,5,0,13
BRDA:60,6,0,14
BRDA:66,7,0,0
BRDA:66,8,0,480
BRDA:66,8,1,480
BRDA:66,9,0,0
BRDA:66,9,1,480
BRDA:66,10,0,480
BRDA:66,10,1,480
BRDA:71,11,0,211
BRDA:71,11,1,325
BRDA:72,12,0,4
BRDA:72,12,1,532
BRDA:76,13,0,536
BRDA:76,13,1,536
BRDA:89,14,0,536
BRDA:89,14,1,4
BRF:24
BRH:19
end_of_record
TN:
SF:..\..\components\FormSubmitButton.tsx
FN:9,(anonymous_1)
FNF:1
FNH:1
FNDA:134,(anonymous_1)
DA:2,1
DA:9,1
DA:11,134
DA:12,134
DA:14,134
DA:16,134
LF:6
LH:6
BRDA:11,0,0,134
BRDA:19,1,0,134
BRDA:19,1,1,134
BRDA:23,2,0,0
BRDA:23,2,1,134
BRF:5
BRH:4
end_of_record
TN:
SF:..\..\context\FormProvider.tsx
FN:6,(anonymous_7)
FN:20,(anonymous_8)
FN:25,(anonymous_9)
FN:33,(anonymous_10)
FN:34,(anonymous_11)
FN:37,(anonymous_12)
FN:38,(anonymous_13)
FN:41,(anonymous_14)
FN:42,(anonymous_15)
FN:45,(anonymous_16)
FN:45,(anonymous_17)
FN:49,(anonymous_18)
FN:85,(anonymous_19)
FN:85,(anonymous_20)
FN:87,(anonymous_21)
FN:87,(anonymous_22)
FN:103,(anonymous_23)
FN:103,(anonymous_24)
FN:109,(anonymous_25)
FN:119,(anonymous_26)
FN:127,(anonymous_27)
FNF:21
FNH:13
FNDA:804,(anonymous_7)
FNDA:134,(anonymous_8)
FNDA:7,(anonymous_9)
FNDA:113,(anonymous_10)
FNDA:113,(anonymous_11)
FNDA:27,(anonymous_12)
FNDA:27,(anonymous_13)
FNDA:14,(anonymous_14)
FNDA:14,(anonymous_15)
FNDA:27,(anonymous_16)
FNDA:27,(anonymous_17)
FNDA:27,(anonymous_18)
FNDA:0,(anonymous_19)
FNDA:0,(anonymous_20)
FNDA:0,(anonymous_21)
FNDA:0,(anonymous_22)
FNDA:0,(anonymous_23)
FNDA:0,(anonymous_24)
FNDA:0,(anonymous_25)
FNDA:0,(anonymous_26)
FNDA:211,(anonymous_27)
DA:1,1
DA:4,1
DA:6,1
DA:7,804
DA:8,804
DA:9,0
DA:11,804
DA:20,1
DA:25,134
DA:26,7
DA:28,134
DA:29,134
DA:30,134
DA:31,134
DA:33,134
DA:34,113
DA:37,134
DA:38,27
DA:41,134
DA:42,14
DA:45,134
DA:46,27
DA:49,27
DA:51,27
DA:52,4
DA:53,4
DA:54,4
DA:57,23
DA:58,0
DA:59,0
DA:60,0
DA:63,23
DA:64,0
DA:65,0
DA:66,0
DA:69,23
DA:70,0
DA:71,0
DA:72,0
DA:75,23
DA:76,0
DA:77,0
DA:78,0
DA:81,23
DA:82,23
DA:85,134
DA:86,0
DA:87,0
DA:88,0
DA:89,0
DA:90,0
DA:91,0
DA:92,0
DA:93,0
DA:98,0
DA:99,0
DA:100,0
DA:103,134
DA:104,0
DA:105,0
DA:107,0
DA:108,0
DA:109,0
DA:111,0
DA:112,0
DA:115,0
DA:119,134
DA:120,0
DA:121,0
DA:122,0
DA:123,0
DA:124,0
DA:127,211
DA:129,134
DA:144,134
LF:75
LH:38
BRDA:8,0,0,0
BRDA:22,1,0,0
BRDA:46,2,0,0
BRDA:51,3,0,4
BRDA:51,4,0,27
BRDA:51,4,1,27
BRDA:51,4,2,27
BRDA:51,4,3,27
BRDA:57,5,0,0
BRDA:57,6,0,23
BRDA:57,6,1,13
BRDA:57,6,2,13
BRDA:63,7,0,0
BRDA:63,8,0,23
BRDA:63,8,1,6
BRDA:63,8,2,6
BRDA:69,9,0,0
BRDA:69,10,0,23
BRDA:69,10,1,4
BRDA:69,10,2,4
BRDA:75,11,0,0
BRDA:75,12,0,23
BRDA:75,12,1,4
BRDA:75,12,2,4
BRDA:90,13,0,0
BRDA:92,14,0,0
BRDA:111,15,0,0
BRDA:111,16,0,0
BRDA:111,16,1,0
BRF:29
BRH:17
end_of_record
TN:
SF:..\..\history\FormHistory.ts
FN:29,(anonymous_7)
FN:52,(anonymous_8)
FN:69,(anonymous_9)
FN:73,(anonymous_10)
FN:75,(anonymous_11)
FN:81,(anonymous_12)
FN:96,(anonymous_14)
FN:110,(anonymous_16)
FN:114,(anonymous_17)
FN:126,(anonymous_18)
FN:158,(anonymous_19)
FN:172,(anonymous_20)
FN:179,(anonymous_21)
FN:186,(anonymous_22)
FN:190,(anonymous_23)
FN:194,(anonymous_24)
FN:195,(anonymous_25)
FN:198,(anonymous_26)
FN:199,(anonymous_27)
FN:202,(anonymous_28)
FN:203,(anonymous_29)
FN:206,(anonymous_30)
FN:210,(anonymous_31)
FN:214,(anonymous_32)
FN:220,(anonymous_33)
FNF:25
FNH:7
FNDA:1,(anonymous_7)
FNDA:7,(anonymous_8)
FNDA:0,(anonymous_9)
FNDA:7,(anonymous_10)
FNDA:0,(anonymous_11)
FNDA:7,(anonymous_12)
FNDA:7,(anonymous_14)
FNDA:0,(anonymous_16)
FNDA:0,(anonymous_17)
FNDA:0,(anonymous_18)
FNDA:0,(anonymous_19)
FNDA:0,(anonymous_20)
FNDA:0,(anonymous_21)
FNDA:0,(anonymous_22)
FNDA:0,(anonymous_23)
FNDA:0,(anonymous_24)
FNDA:0,(anonymous_25)
FNDA:0,(anonymous_26)
FNDA:0,(anonymous_27)
FNDA:0,(anonymous_28)
FNDA:0,(anonymous_29)
FNDA:0,(anonymous_30)
FNDA:0,(anonymous_31)
FNDA:7,(anonymous_32)
FNDA:7,(anonymous_33)
DA:29,1
DA:30,1
DA:31,1
DA:32,1
DA:33,1
DA:34,1
DA:35,1
DA:46,1
DA:47,7
DA:48,7
DA:53,7
DA:65,7
DA:66,7
DA:70,0
DA:74,7
DA:75,7
DA:76,0
DA:82,7
DA:84,0
DA:85,0
DA:86,0
DA:87,0
DA:88,0
DA:89,0
DA:92,0
DA:97,7
DA:99,0
DA:100,0
DA:104,0
DA:106,0
DA:111,0
DA:115,0
DA:116,0
DA:119,0
DA:120,0
DA:127,0
DA:140,0
DA:141,0
DA:144,0
DA:145,0
DA:148,0
DA:149,0
DA:150,0
DA:151,0
DA:154,0
DA:155,0
DA:159,0
DA:161,0
DA:164,0
DA:165,0
DA:173,0
DA:175,0
DA:176,0
DA:180,0
DA:182,0
DA:183,0
DA:187,0
DA:191,0
DA:195,0
DA:199,0
DA:203,0
DA:207,0
DA:211,0
DA:215,7
DA:216,7
DA:217,7
DA:221,7
DA:222,7
DA:224,7
LF:69
LH:23
BRDA:29,0,0,1
BRDA:29,0,1,1
BRDA:52,1,0,7
BRDA:54,2,0,0
BRDA:54,2,1,7
BRDA:54,3,0,7
BRDA:54,3,1,7
BRDA:55,4,0,0
BRDA:55,4,1,7
BRDA:55,5,0,7
BRDA:55,5,1,7
BRDA:56,6,0,0
BRDA:56,6,1,7
BRDA:56,7,0,7
BRDA:56,7,1,7
BRDA:57,8,0,0
BRDA:57,8,1,7
BRDA:57,9,0,7
BRDA:57,9,1,7
BRDA:58,10,0,0
BRDA:58,10,1,7
BRDA:58,11,0,7
BRDA:58,11,1,7
BRDA:74,12,0,7
BRDA:82,13,0,7
BRDA:86,14,0,0
BRDA:97,15,0,7
BRDA:115,16,0,0
BRDA:115,17,0,0
BRDA:115,17,1,0
BRDA:121,18,0,0
BRDA:121,18,1,0
BRDA:126,19,0,0
BRDA:140,20,0,0
BRDA:148,21,0,0
BRDA:148,22,0,0
BRDA:148,22,1,0
BRDA:159,23,0,0
BRDA:173,24,0,0
BRDA:180,25,0,0
BRDA:203,26,0,0
BRDA:203,26,1,0
BRDA:203,27,0,0
BRDA:203,27,1,0
BRDA:221,28,0,7
BRF:45
BRH:22
end_of_record
TN:
SF:..\..\history\HistoryProvider.tsx
FN:48,HistoryProvider
FN:56,(anonymous_1)
FN:58,(anonymous_2)
FN:63,(anonymous_3)
FN:71,(anonymous_4)
FN:86,(anonymous_5)
FN:95,(anonymous_6)
FN:104,(anonymous_7)
FN:111,(anonymous_8)
FN:118,(anonymous_9)
FN:127,(anonymous_10)
FN:154,useHistory
FN:162,useHistoryState
FN:172,(anonymous_13)
FN:177,(anonymous_14)
FN:188,(anonymous_15)
FN:195,(anonymous_16)
FNF:17
FNH:3
FNDA:7,HistoryProvider
FNDA:7,(anonymous_1)
FNDA:7,(anonymous_2)
FNDA:0,(anonymous_3)
FNDA:0,(anonymous_4)
FNDA:0,(anonymous_5)
FNDA:0,(anonymous_6)
FNDA:0,(anonymous_7)
FNDA:0,(anonymous_8)
FNDA:0,(anonymous_9)
FNDA:0,(anonymous_10)
FNDA:0,useHistory
FNDA:0,useHistoryState
FNDA:0,(anonymous_13)
FNDA:0,(anonymous_14)
FNDA:0,(anonymous_15)
FNDA:0,(anonymous_16)
DA:8,1
DA:16,1
DA:41,1
DA:48,1
DA:52,7
DA:53,7
DA:54,7
DA:56,7
DA:57,7
DA:58,7
DA:59,7
DA:63,7
DA:64,0
DA:65,0
DA:66,0
DA:70,7
DA:76,0
DA:77,0
DA:79,0
DA:80,0
DA:81,0
DA:86,7
DA:87,0
DA:88,0
DA:90,0
DA:91,0
DA:92,0
DA:95,7
DA:96,0
DA:97,0
DA:99,0
DA:100,0
DA:101,0
DA:104,7
DA:105,0
DA:106,0
DA:108,0
DA:111,7
DA:112,0
DA:113,0
DA:115,0
DA:118,7
DA:119,0
DA:120,0
DA:122,0
DA:123,0
DA:124,0
DA:127,7
DA:128,0
DA:129,0
DA:131,0
DA:132,0
DA:135,7
DA:147,7
DA:154,1
DA:155,0
DA:156,0
DA:157,0
DA:159,0
DA:162,1
DA:169,0
DA:170,0
DA:172,0
DA:173,0
DA:176,0
DA:178,0
DA:179,0
DA:188,0
DA:189,0
DA:190,0
DA:191,0
DA:195,0
DA:196,0
DA:197,0
DA:198,0
DA:202,0
LF:76
LH:23
BRDA:59,0,0,0
BRDA:59,0,1,7
BRDA:59,1,0,7
BRDA:59,1,1,7
BRDA:64,2,0,0
BRDA:76,3,0,0
BRDA:87,4,0,0
BRDA:96,5,0,0
BRDA:105,6,0,0
BRDA:112,7,0,0
BRDA:119,8,0,0
BRDA:128,9,0,0
BRDA:156,10,0,0
BRDA:173,11,0,0
BRDA:173,11,1,0
BRDA:173,12,0,0
BRDA:173,12,1,0
BRDA:181,13,0,0
BRDA:181,13,1,0
BRDA:181,14,0,0
BRDA:181,14,1,0
BRDA:181,15,0,0
BRDA:181,15,1,0
BRDA:182,16,0,0
BRDA:182,16,1,0
BRDA:182,17,0,0
BRDA:182,17,1,0
BRDA:190,18,0,0
BRDA:197,19,0,0
BRF:29
BRH:3
end_of_record
TN:
SF:..\..\validation\ValidationProvider.tsx
FN:7,(anonymous_7)
FN:15,(anonymous_8)
FN:16,(anonymous_9)
FN:16,(anonymous_10)
FNF:4
FNH:1
FNDA:0,(anonymous_7)
FNDA:7,(anonymous_8)
FNDA:0,(anonymous_9)
FNDA:0,(anonymous_10)
DA:1,1
DA:2,1
DA:5,1
DA:7,1
DA:8,0
DA:9,0
DA:10,0
DA:12,0
DA:15,1
DA:16,7
DA:17,0
DA:19,0
DA:20,0
DA:23,0
DA:24,0
DA:25,0
DA:28,0
DA:29,0
DA:32,0
DA:33,0
DA:37,0
DA:38,0
DA:39,0
DA:42,0
DA:43,0
DA:47,0
DA:48,0
DA:49,0
DA:50,0
DA:54,0
DA:55,0
DA:56,0
DA:57,0
DA:59,0
DA:60,0
DA:64,0
DA:67,7
DA:71,7
LF:38
LH:8
BRDA:9,0,0,0
BRDA:17,1,0,0
BRDA:19,2,0,0
BRDA:19,3,0,0
BRDA:19,3,1,0
BRDA:19,3,2,0
BRDA:19,3,3,0
BRDA:23,4,0,0
BRDA:24,5,0,0
BRDA:24,6,0,0
BRDA:24,6,1,0
BRDA:28,7,0,0
BRDA:28,8,0,0
BRDA:28,8,1,0
BRDA:32,9,0,0
BRDA:32,10,0,0
BRDA:32,10,1,0
BRDA:37,11,0,0
BRDA:38,12,0,0
BRDA:38,13,0,0
BRDA:38,13,1,0
BRDA:42,14,0,0
BRDA:42,15,0,0
BRDA:42,15,1,0
BRDA:47,16,0,0
BRDA:47,17,0,0
BRDA:47,17,1,0
BRDA:49,18,0,0
BRDA:50,19,0,0
BRDA:50,19,1,0
BRDA:50,20,0,0
BRDA:50,20,1,0
BRDA:50,21,0,0
BRDA:50,21,1,0
BRDA:54,22,0,0
BRDA:56,23,0,0
BRDA:59,24,0,0
BRF:37
BRH:0
end_of_record
